The system is: Windows - 10.0.18363 - AMD64
Compiling the C compiler identification source file "CMakeCCompilerId.c" succeeded.
Compiler: C:/Program Files (x86)/Microsoft Visual Studio/2019/Community/VC/Tools/MSVC/14.28.29333/bin/Hostx86/x86/cl.exe 
Build flags: 
Id flags:  

The output was:
0
用于 x86 的 Microsoft (R) C/C++ 优化编译器 19.28.29334 版
版权所有(C) Microsoft Corporation。保留所有权利。

CMakeCCompilerId.c
Microsoft (R) Incremental Linker Version 14.28.29334.0
Copyright (C) Microsoft Corporation.  All rights reserved.

/out:CMakeCCompilerId.exe 
CMakeCCompilerId.obj 


Compilation of the C compiler identification source "CMakeCCompilerId.c" produced "CMakeCCompilerId.exe"

Compilation of the C compiler identification source "CMakeCCompilerId.c" produced "CMakeCCompilerId.obj"

The C compiler identification is MSVC, found in "D:/work/git/2020/202012/20201208-1/cmake-build-debug/CMakeFiles/3.17.3/CompilerIdC/CMakeCCompilerId.exe"

Determining if the C compiler works passed with the following output:
Change Dir: D:/work/git/2020/202012/20201208-1/cmake-build-debug/CMakeFiles/CMakeTmp

Run Build Command(s):nmake /nologo cmTC_0b729\fast && 	"C:\Program Files (x86)\Microsoft Visual Studio\2019\Community\VC\Tools\MSVC\14.28.29333\bin\HostX86\x86\nmake.exe"  -f CMakeFiles\cmTC_0b729.dir\build.make /nologo -L                  CMakeFiles\cmTC_0b729.dir\build
Building C object CMakeFiles/cmTC_0b729.dir/testCCompiler.c.obj
	C:\PROGRA~2\MICROS~2\2019\COMMUN~1\VC\Tools\MSVC\1428~1.293\bin\Hostx86\x86\cl.exe @C:\Users\qiuye\AppData\Local\Temp\nm179B.tmp
testCCompiler.c
Linking C executable cmTC_0b729.exe
	"C:\Program Files\JetBrains\CLion 2020.2.5\bin\cmake\win\bin\cmake.exe" -E vs_link_exe --intdir=CMakeFiles\cmTC_0b729.dir --rc=C:\PROGRA~2\WI3CF2~1\10\bin\100183~1.0\x86\rc.exe --mt=C:\PROGRA~2\WI3CF2~1\10\bin\100183~1.0\x86\mt.exe --manifests  -- C:\PROGRA~2\MICROS~2\2019\COMMUN~1\VC\Tools\MSVC\1428~1.293\bin\Hostx86\x86\link.exe /nologo @CMakeFiles\cmTC_0b729.dir\objects1.rsp @C:\Users\qiuye\AppData\Local\Temp\nm17F9.tmp



Detecting C compiler ABI info compiled with the following output:
Change Dir: D:/work/git/2020/202012/20201208-1/cmake-build-debug/CMakeFiles/CMakeTmp

Run Build Command(s):nmake /nologo cmTC_530a3\fast && 	"C:\Program Files (x86)\Microsoft Visual Studio\2019\Community\VC\Tools\MSVC\14.28.29333\bin\HostX86\x86\nmake.exe"  -f CMakeFiles\cmTC_530a3.dir\build.make /nologo -L                  CMakeFiles\cmTC_530a3.dir\build
Building C object CMakeFiles/cmTC_530a3.dir/CMakeCCompilerABI.c.obj
	C:\PROGRA~2\MICROS~2\2019\COMMUN~1\VC\Tools\MSVC\1428~1.293\bin\Hostx86\x86\cl.exe @C:\Users\qiuye\AppData\Local\Temp\nm1BF0.tmp
CMakeCCompilerABI.c
Linking C executable cmTC_530a3.exe
	"C:\Program Files\JetBrains\CLion 2020.2.5\bin\cmake\win\bin\cmake.exe" -E vs_link_exe --intdir=CMakeFiles\cmTC_530a3.dir --rc=C:\PROGRA~2\WI3CF2~1\10\bin\100183~1.0\x86\rc.exe --mt=C:\PROGRA~2\WI3CF2~1\10\bin\100183~1.0\x86\mt.exe --manifests  -- C:\PROGRA~2\MICROS~2\2019\COMMUN~1\VC\Tools\MSVC\1428~1.293\bin\Hostx86\x86\link.exe /nologo @CMakeFiles\cmTC_530a3.dir\objects1.rsp @C:\Users\qiuye\AppData\Local\Temp\nm1C9D.tmp



